<?xml version="1.0" encoding="UTF-8"?>
<!-- Generated by org.testng.reporters.JUnitXMLReporter -->
<testsuite hostname="GB6ZHWT2E" ignored="0" name="Command line test" tests="4" failures="0" timestamp="2019-11-12T10:58:22 IST" time="0.05" errors="0">
  <testcase name="iOSapps" time="0.007" classname="qaclickacademy.AppiumTest"/>
  <testcase name="nativeAppAndroid" time="0.0" classname="qaclickacademy.AppiumTest"/>
  <testcase name="deleteTwitter" time="0.001" classname="qaclickacademy.RestAPITest"/>
  <testcase name="postJira" time="0.0" classname="qaclickacademy.RestAPITest"/>
</testsuite> <!-- Command line test -->
