<?xml version="1.0" encoding="UTF-8"?>
<!-- Generated by org.testng.reporters.JUnitXMLReporter -->
<testsuite hostname="GB6ZHWT2E" ignored="0" name="Test" tests="4" failures="0" timestamp="2019-11-12T11:00:40 IST" time="0.045" errors="0">
  <testcase name="BrowesrAutomation" time="0.008" classname="qaclickacademy.SeleniumTest"/>
  <testcase name="elementsUI" time="0.001" classname="qaclickacademy.SeleniumTest"/>
  <testcase name="deleteTwitter" time="0.0" classname="qaclickacademy.RestAPITest"/>
  <testcase name="postJira" time="0.0" classname="qaclickacademy.RestAPITest"/>
</testsuite> <!-- Test -->
