<?xml version="1.0" encoding="UTF-8"?>
<testng-results skipped="0" failed="0" ignored="0" total="4" passed="4">
  <reporter-output>
  </reporter-output>
  <suite name="Suite" duration-ms="45" started-at="2019-11-12T11:00:40 IST" finished-at="2019-11-12T11:00:40 IST">
    <groups>
    </groups>
    <test name="Test" duration-ms="45" started-at="2019-11-12T11:00:40 IST" finished-at="2019-11-12T11:00:40 IST">
      <class name="qaclickacademy.RestAPITest">
        <test-method status="PASS" signature="deleteTwitter()[pri:0, instance:qaclickacademy.RestAPITest@1e397ed7]" name="deleteTwitter" duration-ms="0" started-at="2019-11-12T11:00:40 IST" finished-at="2019-11-12T11:00:40 IST">
          <reporter-output>
          </reporter-output>
        </test-method> <!-- deleteTwitter -->
        <test-method status="PASS" signature="postJira()[pri:0, instance:qaclickacademy.RestAPITest@1e397ed7]" name="postJira" duration-ms="0" started-at="2019-11-12T11:00:40 IST" finished-at="2019-11-12T11:00:40 IST">
          <reporter-output>
          </reporter-output>
        </test-method> <!-- postJira -->
      </class> <!-- qaclickacademy.RestAPITest -->
      <class name="qaclickacademy.SeleniumTest">
        <test-method status="PASS" signature="BrowesrAutomation()[pri:0, instance:qaclickacademy.SeleniumTest@3f49dace]" name="BrowesrAutomation" duration-ms="8" started-at="2019-11-12T11:00:40 IST" finished-at="2019-11-12T11:00:40 IST">
          <reporter-output>
          </reporter-output>
        </test-method> <!-- BrowesrAutomation -->
        <test-method status="PASS" signature="elementsUI()[pri:0, instance:qaclickacademy.SeleniumTest@3f49dace]" name="elementsUI" duration-ms="1" started-at="2019-11-12T11:00:40 IST" finished-at="2019-11-12T11:00:40 IST">
          <reporter-output>
          </reporter-output>
        </test-method> <!-- elementsUI -->
      </class> <!-- qaclickacademy.SeleniumTest -->
    </test> <!-- Test -->
  </suite> <!-- Suite -->
</testng-results>
